<?xml version="1.0" encoding="UTF-8"?>
<!-- Generated by org.testng.reporters.JUnitReportReporter -->
<testsuite name="com.actitime.CustomerTest.CreateCustomerWithDespTest" tests="1" time="7.474" ignored="0" failures="0" timestamp="13 Nov 2019 14:26:22 GMT" skipped="0" hostname="DESKTOP-2LAUB55" errors="0">
  <testcase name="createCustomerWithDespTest" time="7.474" classname="com.actitime.CustomerTest.CreateCustomerWithDespTest"/>
</testsuite> <!-- com.actitime.CustomerTest.CreateCustomerWithDespTest -->
